2018-06-29 02:43:29,987, UserReg, [ERROR]: User with this name is already exist
2018-06-29 02:43:29,987, parser, [ERROR]: A user with this name is already registered
2018-06-29 02:44:31,430, UserReg, [ERROR]: User with this name is already exist
2018-06-29 02:44:31,430, parser, [ERROR]: A user with this name is already registered
2018-06-29 02:45:06,248, UserReg, [ERROR]: User with this name is already exist
2018-06-29 02:45:06,249, parser, [ERROR]: A user with this name is already registered
2018-06-29 02:49:38,811, UserReg, [ERROR]: User with this name is already exist
2018-06-29 02:49:38,811, parser, [ERROR]: A user with this name is already registered
2018-06-29 02:50:17,782, UserReg, [ERROR]: User with this name is already exist
2018-06-29 02:50:17,782, parser, [ERROR]: A user with this name is already registered
2018-06-29 06:54:15,066, UserReg, [ERROR]: User with this name is already exist
2018-06-29 06:54:15,066, parser, [ERROR]: A user with this name is already registered
2018-06-29 06:57:23,253, UserReg, [ERROR]: User with this name is already exist
2018-06-29 06:57:37,782, UserReg, [ERROR]: User with this name is already exist
2018-06-29 07:01:13,716, UserReg, [ERROR]: User with this name is already exist
2018-06-29 07:01:13,716, parser, [ERROR]: A user with this name is already registered
2018-06-29 07:09:25,619, parser, [ERROR]: Не существует пользователя с таким именем
2018-06-29 07:09:38,673, parser, [ERROR]: Не существует пользователя с таким именем
2018-06-29 07:18:35,928, UserDelete, [ERROR]: Incorrect password for test_user
2018-06-29 07:18:35,928, UserDelete, [ERROR]: Incorrect password for test_user
2018-06-29 07:18:35,948, UserReg, [ERROR]: User with this name is already exist
2018-06-29 07:18:35,948, UserReg, [ERROR]: User with this name is already exist
2018-06-29 07:18:51,650, UserDelete, [ERROR]: Incorrect password for test_user
2018-06-29 07:18:51,650, UserDelete, [ERROR]: Incorrect password for test_user
2018-06-29 07:18:51,664, UserReg, [ERROR]: User with this name is already exist
2018-06-29 07:18:51,664, UserReg, [ERROR]: User with this name is already exist
2018-06-29 07:19:13,561, UserDelete, [ERROR]: Incorrect password for test_user
2018-06-29 07:19:13,561, UserDelete, [ERROR]: Incorrect password for test_user
2018-06-29 07:19:13,578, UserReg, [ERROR]: User with this name is already exist
2018-06-29 07:19:13,578, UserReg, [ERROR]: User with this name is already exist
2018-06-29 07:20:09,217, UserDelete, [ERROR]: Incorrect password for test_user
2018-06-29 07:20:09,217, UserDelete, [ERROR]: Incorrect password for test_user
2018-06-29 07:20:09,230, UserReg, [ERROR]: User with this name is already exist
2018-06-29 07:20:09,230, UserReg, [ERROR]: User with this name is already exist
2018-06-29 07:21:19,127, UserDelete, [ERROR]: Incorrect password for test_user
2018-06-29 07:21:19,127, UserDelete, [ERROR]: Incorrect password for test_user
2018-06-29 07:21:19,141, UserReg, [ERROR]: User with this name is already exist
2018-06-29 07:21:19,141, UserReg, [ERROR]: User with this name is already exist
2018-06-29 07:21:19,141, UserReg, [ERROR]: User with this name is already exist
2018-06-29 07:22:06,012, UserReg, [ERROR]: User with this name is already exist
2018-06-29 07:22:06,015, UserReg, [ERROR]: User with this name is already exist
2018-06-29 07:22:06,015, UserReg, [ERROR]: User with this name is already exist
2018-06-29 07:22:06,021, UserReg, [ERROR]: User with this name is already exist
2018-06-29 07:22:06,021, UserReg, [ERROR]: User with this name is already exist
2018-06-29 07:22:06,021, UserReg, [ERROR]: User with this name is already exist
2018-06-29 07:22:25,482, UserDelete, [ERROR]: Incorrect password for test_user
2018-06-29 07:22:25,482, UserDelete, [ERROR]: Incorrect password for test_user
2018-06-29 07:22:25,500, UserReg, [ERROR]: User with this name is already exist
2018-06-29 07:22:25,500, UserReg, [ERROR]: User with this name is already exist
2018-06-29 07:22:25,500, UserReg, [ERROR]: User with this name is already exist
2018-06-29 07:22:50,603, UserDelete, [ERROR]: Incorrect password for test_user
2018-06-29 07:22:50,603, UserDelete, [ERROR]: Incorrect password for test_user
2018-06-29 07:22:50,618, UserReg, [ERROR]: User with this name is already exist
2018-06-29 07:22:50,618, UserReg, [ERROR]: User with this name is already exist
2018-06-29 07:22:50,618, UserReg, [ERROR]: User with this name is already exist
2018-06-29 07:24:29,067, UserDelete, [ERROR]: Incorrect password for test_user
2018-06-29 07:24:29,067, UserDelete, [ERROR]: Incorrect password for test_user
2018-06-29 07:24:29,084, UserReg, [ERROR]: User with this name is already exist
2018-06-29 07:24:29,084, UserReg, [ERROR]: User with this name is already exist
2018-06-29 07:24:29,084, UserReg, [ERROR]: User with this name is already exist
2018-06-29 07:24:53,421, UserDelete, [ERROR]: Incorrect password for test_user
2018-06-29 07:24:53,421, UserDelete, [ERROR]: Incorrect password for test_user
2018-06-29 07:24:53,441, UserReg, [ERROR]: User with this name is already exist
2018-06-29 07:24:53,441, UserReg, [ERROR]: User with this name is already exist
2018-06-29 07:24:53,441, UserReg, [ERROR]: User with this name is already exist
2018-06-29 07:25:11,589, UserReg, [ERROR]: User with this name is already exist
2018-06-29 07:25:11,592, UserReg, [ERROR]: User with this name is already exist
2018-06-29 07:25:11,592, UserReg, [ERROR]: User with this name is already exist
2018-06-29 07:25:11,599, UserReg, [ERROR]: User with this name is already exist
2018-06-29 07:25:11,599, UserReg, [ERROR]: User with this name is already exist
2018-06-29 07:25:11,599, UserReg, [ERROR]: User with this name is already exist
2018-06-29 07:25:50,387, UserReg, [ERROR]: User with this name is already exist
2018-06-29 07:25:50,389, UserReg, [ERROR]: User with this name is already exist
2018-06-29 07:25:50,389, UserReg, [ERROR]: User with this name is already exist
2018-06-29 07:25:50,394, UserReg, [ERROR]: User with this name is already exist
2018-06-29 07:25:50,394, UserReg, [ERROR]: User with this name is already exist
2018-06-29 07:25:50,394, UserReg, [ERROR]: User with this name is already exist
2018-06-29 07:27:03,071, UserDelete, [ERROR]: Incorrect password for test_user
2018-06-29 07:27:03,071, UserDelete, [ERROR]: Incorrect password for test_user
2018-06-29 07:27:03,087, UserReg, [ERROR]: User with this name is already exist
2018-06-29 07:27:03,087, UserReg, [ERROR]: User with this name is already exist
2018-06-29 07:27:03,087, UserReg, [ERROR]: User with this name is already exist
2018-06-29 07:27:17,560, UserDelete, [ERROR]: Incorrect password for test_user
2018-06-29 07:27:17,560, UserDelete, [ERROR]: Incorrect password for test_user
2018-06-29 07:27:17,574, UserReg, [ERROR]: User with this name is already exist
2018-06-29 07:27:17,574, UserReg, [ERROR]: User with this name is already exist
2018-06-29 07:27:17,574, UserReg, [ERROR]: User with this name is already exist
2018-06-29 07:27:19,115, UserDelete, [ERROR]: Incorrect password for test_user
2018-06-29 07:27:19,115, UserDelete, [ERROR]: Incorrect password for test_user
2018-06-29 07:27:19,128, UserReg, [ERROR]: User with this name is already exist
2018-06-29 07:27:19,128, UserReg, [ERROR]: User with this name is already exist
2018-06-29 07:27:19,128, UserReg, [ERROR]: User with this name is already exist
2018-06-29 07:30:23,872, UserDelete, [ERROR]: Incorrect password for test_user
2018-06-29 07:30:23,872, UserDelete, [ERROR]: Incorrect password for test_user
2018-06-29 07:30:23,878, UserReg, [ERROR]: User with this name is already exist
2018-06-29 07:30:23,878, UserReg, [ERROR]: User with this name is already exist
2018-06-29 07:30:23,878, UserReg, [ERROR]: User with this name is already exist
2018-06-29 07:30:23,885, UserReg, [ERROR]: User with this name is already exist
2018-06-29 07:30:23,885, UserReg, [ERROR]: User with this name is already exist
2018-06-29 07:30:23,885, UserReg, [ERROR]: User with this name is already exist
2018-06-29 07:30:23,885, UserReg, [ERROR]: User with this name is already exist
2018-06-29 07:31:38,108, UserDelete, [ERROR]: Incorrect password for test_user
2018-06-29 07:31:38,108, UserDelete, [ERROR]: Incorrect password for test_user
2018-06-29 07:31:38,291, UserReg, [ERROR]: User with this name is already exist
2018-06-29 07:31:38,291, UserReg, [ERROR]: User with this name is already exist
2018-06-29 07:31:38,291, UserReg, [ERROR]: User with this name is already exist
2018-06-29 07:31:38,291, UserReg, [ERROR]: User with this name is already exist
2018-06-29 07:38:14,640, project_delete, [ERROR]: User test does not have access to the project
2018-06-29 07:39:54,906, su_delete_person_from_project, [ERROR]: You are not the Creator of the project
2018-06-29 07:42:40,333, parser, [ERROR]: Нет такой команды
2018-06-29 07:42:45,768, parser, [ERROR]: Incorrect password
2018-06-29 07:45:10,813, parser, [ERROR]: Нет такой команды
2018-06-29 07:45:14,791, parser, [ERROR]: Incorrect password
2018-06-29 07:46:47,686, parser, [ERROR]: Не существует пользователя с таким именем
2018-06-29 07:47:35,972, parser, [ERROR]: Не существует пользователя с таким именем
2018-06-29 07:48:22,936, UserReg, [ERROR]: User with this name is already exist
2018-06-29 07:48:22,937, parser, [ERROR]: A user with this name is already registered
2018-06-29 07:48:58,437, UserReg, [ERROR]: User with this name is already exist
2018-06-29 07:48:58,438, parser, [ERROR]: A user with this name is already registered
2018-06-29 07:49:01,126, parser, [ERROR]: Не существует пользователя с таким именем
2018-06-29 07:49:58,879, parser, [ERROR]: Не существует пользователя с таким именем
2018-06-29 07:56:53,202, project_create, [ERROR]: Incorrect password for test
2018-06-29 07:56:53,202, project_create, [ERROR]: Incorrect password for test
2018-06-29 08:01:54,962, edit_description, [ERROR]: You are not the Creator of the project
2018-06-29 08:01:55,272, project_create, [ERROR]: Incorrect password for test
2018-06-29 08:01:55,272, project_create, [ERROR]: Incorrect password for test
2018-06-29 08:02:50,860, edit_description, [ERROR]: You are not the Creator of the project
2018-06-29 08:02:51,215, project_create, [ERROR]: Incorrect password for test
2018-06-29 08:02:51,215, project_create, [ERROR]: Incorrect password for test
2018-06-29 08:04:08,666, edit_description, [ERROR]: You are not the Creator of the project
2018-06-29 08:04:09,000, project_create, [ERROR]: Incorrect password for test
2018-06-29 08:04:09,000, project_create, [ERROR]: Incorrect password for test
2018-06-29 08:05:06,344, project_create, [ERROR]: Incorrect password for test
2018-06-29 08:05:06,344, project_create, [ERROR]: Incorrect password for test
2018-06-29 08:05:55,640, project_create, [ERROR]: Incorrect password for test
2018-06-29 08:05:55,640, project_create, [ERROR]: Incorrect password for test
2018-06-29 08:06:15,165, UserDelete, [ERROR]: Incorrect password for test_user
2018-06-29 08:06:15,165, UserDelete, [ERROR]: Incorrect password for test_user
2018-06-29 08:06:15,334, UserReg, [ERROR]: User with this name is already exist
2018-06-29 08:06:15,334, UserReg, [ERROR]: User with this name is already exist
2018-06-29 08:06:15,334, UserReg, [ERROR]: User with this name is already exist
2018-06-29 08:06:15,334, UserReg, [ERROR]: User with this name is already exist
