2018-06-25 22:10:42,861, parser, [INFO]: List of arguments : ['user', 'edit', 'name', 'AlexFoxdil', 'FoxdilFamily', 'Alex Foxdil']
2018-06-25 22:18:51,095, parser, [INFO]: List of arguments : ['user', 'edit', 'name', 'AlexFoxdil', 'FoxdilFamily', 'Alex Foxdil']
2018-06-25 22:18:58,471, parser, [INFO]: List of arguments : ['user', 'edit', 'name', 'AlexFoxdil', 'FoxdilFamily', 'Alex Foxdil']
2018-06-25 22:19:13,333, parser, [INFO]: List of arguments : ['user', 'edit', 'name', 'AlexFoxdil', 'FoxdilFamily', 'Alex Foxdil']
2018-06-25 22:43:31,602, parser, [INFO]: List of arguments : ['user', 'edit', 'name', 'AlexFoxdil', 'FoxdilFamily', 'Alex Foxdil']
2018-06-25 22:43:39,197, parser, [INFO]: List of arguments : ['user', 'edit', 'name', 'Alex Foxdil', 'FoxdilFamily', 'AlexFoxdil']
2018-06-25 22:43:39,295, parse_user, [INFO]: Trying to change the name for Alex Foxdil
2018-06-25 22:43:39,295, parse_user, [INFO]: Username is successfully changed
2018-06-25 22:43:46,805, parser, [INFO]: List of arguments : ['user', 'edit', 'name', 'AlexFoxdil', 'FoxdilFamily1', 'Alex Foxdil']
2018-06-25 22:43:49,617, parser, [INFO]: List of arguments : ['user', 'edit', 'name', 'AlexFoxdil', 'FoxdilFamily', 'Alex Foxdil']
2018-06-25 22:43:49,684, parse_user, [INFO]: Trying to change the name for AlexFoxdil
2018-06-25 22:43:49,684, parse_user, [INFO]: Username is successfully changed
2018-06-25 22:56:38,237, parser, [INFO]: List of arguments : ['user', 'delete', 'Alex Foxdil', 'FoxdilFamily']
2018-06-25 22:56:38,237, parse_user, [INFO]: Trying to delete a user
2018-06-25 22:56:38,304, parse_user, [INFO]: User is successfully deleted
2018-06-25 22:56:52,145, parser, [INFO]: List of arguments : ['user', 'delete', 'Alex Foxdil', 'FoxdilFamily']
2018-06-25 22:56:52,145, parse_user, [INFO]: Trying to delete a user
2018-06-25 22:57:33,972, parser, [INFO]: List of arguments : ['user', 'delete', 'Alex Foxdil', 'FoxdilFamily']
2018-06-25 22:57:33,972, parse_user, [INFO]: Trying to delete a user
2018-06-25 23:32:53,842, parser, [INFO]: List of arguments : ['user', 'register']
2018-06-25 23:33:06,196, parser, [INFO]: List of arguments : ['user', 'register', 'Panda', 'Desiigner', 'padna@gmail.com']
2018-06-25 23:33:06,196, parse_user, [INFO]: Attempt to register a user with a name - Panda, password -  Desiigner and e-mail - padna@gmail.com
2018-06-25 23:33:06,269, parse_user, [INFO]: User Panda successfully registered
2018-06-26 17:42:19,884, parser, [INFO]: List of arguments : ['project', 'add']
2018-06-26 17:42:25,028, parser, [INFO]: List of arguments : ['project', 'add', 'Antoha']
2018-06-26 17:42:26,765, parser, [INFO]: List of arguments : ['project', 'add', 'Antoha', '12345']
2018-06-26 17:42:32,682, parser, [INFO]: List of arguments : ['project', 'add', 'Antoha', '123456', 'Kekester', 'LoL']
2018-06-26 17:42:35,557, parser, [INFO]: List of arguments : ['project', 'add', 'Antoha', '12345', 'Kekester', 'LoL']
2018-06-26 17:42:35,559, parse_project, [INFO]: Trying to create a project with the name - Kekester and description - LoL
2018-06-26 17:42:35,696, parse_project, [INFO]: Project Kekester was successfully created
2018-06-26 17:47:44,617, parser, [INFO]: List of arguments : ['project', 'delete']
2018-06-26 17:47:54,703, parser, [INFO]: List of arguments : ['project', 'delete', 'Antoha', '12345', 'Kekester']
2018-06-26 17:47:54,706, parse_project, [INFO]: Trying to delete a project Kekester
2018-06-26 17:47:54,855, parse_project, [INFO]: Project Kekester is successfully deleted
2018-06-26 17:50:56,666, parser, [INFO]: List of arguments : ['project', 'delete', 'Antoha', '123456', 'Kekester']
2018-06-26 17:50:59,707, parser, [INFO]: List of arguments : ['project', 'delete', 'Antoha', '12345', 'Kekester']
2018-06-26 17:50:59,709, parse_project, [INFO]: Trying to delete a project Kekester
2018-06-26 17:55:08,602, parser, [INFO]: List of arguments : ['project', 'add', 'Antoha', '123456', 'Kekester', 'LoL']
2018-06-26 19:58:57,231, parser, [INFO]: List of arguments : ['project', 'members']
2018-06-26 19:59:10,236, parser, [INFO]: List of arguments : ['project', 'members', 'add']
2018-06-26 20:01:45,937, parser, [INFO]: List of arguments : ['project', 'members', 'add', 'Antoha', '12345', 'Project337', 'Antoha']
2018-06-26 20:02:03,247, parser, [INFO]: List of arguments : ['project', 'members', 'add', 'Antoha', '12345', 'Project337', 'Serega']
2018-06-26 20:13:11,579, parser, [INFO]: List of arguments : ['project', 'members', 'add', 'Antoha', '12345', 'Project337', 'Serega']
2018-06-26 20:16:18,091, parser, [INFO]: List of arguments : ['project', 'members', 'add', 'Antoha', '12345', 'Project337', 'Serega']
2018-06-26 20:17:02,598, parser, [INFO]: List of arguments : ['project', 'members', 'add', 'Antoha', '12345', 'Project337', 'Serega']
2018-06-26 20:17:02,600, parse_project, [INFO]: Trying to add Project337 to 'Serega' project
2018-06-26 20:19:59,090, parser, [INFO]: List of arguments : ['project', 'members', 'add', 'Antoha', '12345', 'Project337', 'Serega']
2018-06-26 20:22:36,508, parser, [INFO]: List of arguments : ['project', 'members', 'add', 'Antoha', '12345', 'Project337', 'Serega']
2018-06-26 20:22:36,510, parse_project, [INFO]: Trying to add 12345 to 'Serega' project
2018-06-26 20:23:43,102, parser, [INFO]: List of arguments : ['project', 'members', 'add', 'Antoha', '12345', 'Project337', 'Serega']
2018-06-26 20:23:43,108, parse_project, [INFO]: Trying to add Antoha to 'Project337' project
2018-06-26 20:23:53,310, parser, [INFO]: List of arguments : ['project', 'members', 'add', 'Antoha', '12345', 'Project337', 'Serega']
2018-06-26 20:23:53,312, parse_project, [INFO]: Trying to add Serega to 'Project337' project
2018-06-26 20:29:29,714, parser, [INFO]: List of arguments : ['project', 'members', 'add', 'Antoha', '12345', 'Project337', 'Serega']
2018-06-26 20:29:29,716, parse_project, [INFO]: Trying to add Serega to 'Project337' project
2018-06-26 20:29:29,906, parse_project, [INFO]: User is successfully added to the project
2018-06-26 20:31:58,092, parser, [INFO]: List of arguments : ['project', 'members', 'add', 'Antoha', '12345', 'Project337', 'Serega']
2018-06-26 20:31:58,094, parse_project, [INFO]: Trying to add Serega to 'Project337' project
2018-06-26 20:32:06,002, parser, [INFO]: List of arguments : ['project', 'members', 'add', 'Antoha', '12345', 'Project337', 'Antoha']
2018-06-26 20:32:06,004, parse_project, [INFO]: Trying to add Antoha to 'Project337' project
2018-06-26 20:32:10,676, parser, [INFO]: List of arguments : ['project', 'members', 'add', 'Antoha', '12345', 'Project337', 'Chief Keef']
2018-06-26 20:32:10,678, parse_project, [INFO]: Trying to add Chief Keef to 'Project337' project
2018-06-26 20:32:10,752, parse_project, [INFO]: User is successfully added to the project
2018-06-28 16:22:58,061, parser, [INFO]: List of arguments : ['column', 'add']
2018-06-28 16:23:04,231, parser, [INFO]: List of arguments : ['column', 'add', 'Antoha', '12345', 'Project337']
2018-06-28 16:23:11,428, parser, [INFO]: List of arguments : ['column', 'add', 'Antoha', '12345', 'Project337', 'topcolumn', 'eeee']
2018-06-28 16:23:11,431, parse_column, [INFO]: Trying to create a column with the name - topcolumn and description - eeee
2018-06-28 16:23:11,538, parse_column, [INFO]: Column topcolumn was successfully created
2018-06-28 16:23:13,189, parser, [INFO]: List of arguments : ['column', 'add', 'Antoha', '12345', 'Project337', 'topcolumn', 'eeee']
2018-06-28 16:23:13,194, parse_column, [INFO]: Trying to create a column with the name - topcolumn and description - eeee
2018-06-28 16:23:13,195, parse_column, [INFO]: Column topcolumn was successfully created
2018-06-28 16:25:41,541, parser, [INFO]: List of arguments : ['column', 'add', 'Antoha', '12345', 'Project337', 'topcolumn', 'eeee']
2018-06-28 16:25:41,544, parse_column, [INFO]: Trying to create a column with the name - topcolumn and description - eeee
2018-06-28 16:28:21,881, parser, [INFO]: List of arguments : ['column', 'add', 'Antoha', '12345', 'Project337', 'topcolumn', 'eeee']
2018-06-28 16:28:21,887, parse_column, [INFO]: Trying to create a column with the name - topcolumn and description - eeee
2018-06-28 16:28:38,735, parser, [INFO]: List of arguments : ['column', 'delete', 'Antoha12345', 'Project3', 'topcolumn']
2018-06-28 16:28:43,360, parser, [INFO]: List of arguments : ['column', 'delete', 'Antoha', '12345', 'Project3', 'topcolumn']
2018-06-28 16:28:52,328, parser, [INFO]: List of arguments : ['column', 'delete', 'Antoha', '12345', 'Project3', 'topcolumn']
2018-06-28 16:29:54,724, parser, [INFO]: List of arguments : ['column', 'delete', 'Antoha', '12345', 'Project3', 'topcolumn']
2018-06-28 16:30:41,463, parser, [INFO]: List of arguments : ['column', 'delete', 'Antoha', '12345', 'Project3', 'topcolumn']
2018-06-28 16:30:46,625, parser, [INFO]: List of arguments : ['column', 'delete', 'Antoha', '12345', 'Project3', 'topcolumn']
2018-06-28 16:32:14,097, parser, [INFO]: List of arguments : ['column', 'delete', 'Antoha', '12345', 'Project3', 'topcolumn']
2018-06-28 16:33:29,996, parser, [INFO]: List of arguments : ['column', 'delete', 'Antoha', '12345', 'Project3', 'topcolumn']
2018-06-28 16:33:47,488, parser, [INFO]: List of arguments : ['column', 'delete', 'Antoha', '12345', 'Project3', 'topcolumn']
2018-06-28 16:34:15,352, parser, [INFO]: List of arguments : ['column', 'delete', 'Antoha', '12345', 'Project3', 'topcolumn']
2018-06-28 16:34:23,344, parser, [INFO]: List of arguments : ['column', 'delete', 'Antoha', '12345', 'Project337', 'topcolumn']
2018-06-28 16:36:47,777, parser, [INFO]: List of arguments : ['column', 'delete', 'Antoha', '12345', 'Project337', 'topcolumn']
2018-06-28 16:36:59,850, parser, [INFO]: List of arguments : ['column', 'delete', 'Antoha', '12345', 'Project337', 'topcolumn']
2018-06-28 16:37:36,825, parser, [INFO]: List of arguments : ['column', 'delete', 'Antoha', '12345', 'Project337', 'topcolumn']
2018-06-28 16:37:49,463, parser, [INFO]: List of arguments : ['column', 'delete', 'Antoha', '12345', 'Project337', 'topcolumn']
2018-06-28 16:38:04,792, parser, [INFO]: List of arguments : ['column', 'delete', 'Antoha', '12345', 'Project337', 'topcolumn']
2018-06-28 16:38:04,862, parse_column, [INFO]: Column topcolumn was successfully deleted
2018-06-28 16:38:26,897, parser, [INFO]: List of arguments : ['column', 'delete', 'Antoha', '12345', 'Project337', 'topcolumn']
2018-06-28 16:40:45,500, parser, [INFO]: List of arguments : ['column', 'delete', 'Antoha', '12345', 'Project337', 'topcolumn']
2018-06-28 16:41:47,761, parser, [INFO]: List of arguments : ['column', 'delete', 'Antoha', '12345', 'Project337', 'topcolumn']
2018-06-28 16:41:58,418, parser, [INFO]: List of arguments : ['column', 'show', 'all', 'Antoha', '12345', 'Project337']
2018-06-28 16:42:45,886, parser, [INFO]: List of arguments : ['column', 'delete', 'Antoha', '12345', 'Project337', 'topcolumn']
2018-06-28 16:42:52,672, parser, [INFO]: List of arguments : ['column', 'show', 'all', 'Antoha', '12345', 'Project337']
2018-06-28 16:42:54,211, parser, [INFO]: List of arguments : ['column', 'show', 'all', 'Antoha', '12345', 'Project337']
2018-06-28 16:43:04,267, parser, [INFO]: List of arguments : ['column', 'show', 'all', 'Antoha', '12345', 'Project337']
2018-06-28 16:43:06,646, parser, [INFO]: List of arguments : ['column', 'show', 'all', 'Antoha', '12345', 'Project337']
2018-06-28 16:43:08,513, parser, [INFO]: List of arguments : ['column', 'show', 'all', 'Antoha', '12345', 'Project337']
2018-06-28 16:44:38,513, parser, [INFO]: List of arguments : ['column', 'show', 'all', 'Antoha', '12345', 'Project337']
2018-06-28 16:44:57,893, parser, [INFO]: List of arguments : ['column', 'show', 'all', 'Antoha', '12345', 'Project337']
2018-06-28 16:45:00,770, parser, [INFO]: List of arguments : ['column', 'show', 'all', 'Antoha', '12345', 'Project337']
2018-06-28 16:45:17,740, parser, [INFO]: List of arguments : ['column', 'show', 'all', 'Antoha', '12345']
2018-06-28 16:45:22,127, parser, [INFO]: List of arguments : ['column', 'show', 'all', 'Antoha']
2018-06-28 16:45:41,389, parser, [INFO]: List of arguments : ['column', 'show', 'all', 'Antoha']
2018-06-28 16:45:43,382, parser, [INFO]: List of arguments : ['column', 'show', 'all', 'Antoha', '12345']
2018-06-28 16:46:43,219, parser, [INFO]: List of arguments : ['column', 'show', 'all', 'Antoha', '12345']
2018-06-28 16:46:56,428, parser, [INFO]: List of arguments : ['column', 'show', 'Antoha', '12345']
2018-06-28 16:47:02,650, parser, [INFO]: List of arguments : ['column', 'show', 'Antoha', '12345', 'Project337', 'all']
2018-06-28 16:47:02,663, parse_column, [INFO]: All columns was shown
2018-06-28 16:47:11,401, parser, [INFO]: List of arguments : ['column', 'show', 'Antoha', '12345', 'Project337', 'all1']
2018-06-28 16:47:15,708, parser, [INFO]: List of arguments : ['column', 'show', 'Antoha', '12345', 'Project3317', 'all']
