2018-06-29 02:43:29,986, parser, [INFO]: List of arguments : ['user', 'register', 'LilSkies', 'bestrapper', 'gma@gma.com']
2018-06-29 02:43:29,986, parse_user, [INFO]: Attempt to register a user with a name - LilSkies, password -  bestrapper and e-mail - gma@gma.com
2018-06-29 02:44:31,428, parser, [INFO]: List of arguments : ['user', 'register', 'LilSkies', 'bestrapper', 'gma@gma.com']
2018-06-29 02:44:31,429, parse_user, [INFO]: Attempt to register a user with a name - LilSkies, password -  bestrapper and e-mail - gma@gma.com
2018-06-29 02:45:06,247, parser, [INFO]: List of arguments : ['user', 'register', 'LilSkies', 'bestrapper', 'gma@gma.com']
2018-06-29 02:45:06,247, parse_user, [INFO]: Attempt to register a user with a name - LilSkies, password -  bestrapper and e-mail - gma@gma.com
2018-06-29 02:49:38,809, parser, [INFO]: List of arguments : ['user', 'register', 'LilSkies', 'bestrapper', 'gma@gma.com']
2018-06-29 02:49:38,809, parse_user, [INFO]: Attempt to register a user with a name - LilSkies, password -  bestrapper and e-mail - gma@gma.com
2018-06-29 02:50:17,779, parser, [INFO]: List of arguments : ['user', 'register', 'LilSkies', 'bestrapper', 'gma@gma.com']
2018-06-29 02:50:17,781, parse_user, [INFO]: Attempt to register a user with a name - LilSkies, password -  bestrapper and e-mail - gma@gma.com
2018-06-29 06:54:15,063, parser, [INFO]: List of arguments : ['user', 'register', 'LilSkies', 'bestrapper', 'gma@gma.com']
2018-06-29 06:54:15,064, parse_user, [INFO]: Attempt to register a user with a name - LilSkies, password -  bestrapper and e-mail - gma@gma.com
2018-06-29 07:01:13,714, parser, [INFO]: List of arguments : ['user', 'register', 'LilSkies', 'bestrapper', 'gma@gma.com']
2018-06-29 07:01:13,715, parse_user, [INFO]: Attempt to register a user with a name - LilSkies, password -  bestrapper and e-mail - gma@gma.com
2018-06-29 07:09:25,618, parser, [INFO]: List of arguments : ['project', 'add', 'test_user', 'test_password', 'Kek', 'LoL']
2018-06-29 07:09:38,671, parser, [INFO]: List of arguments : ['project', 'add', 'Antoha', '12345', 'Kek', 'LoL']
2018-06-29 07:36:34,450, parser, [INFO]: List of arguments : ['user', 'register', 'test', 'test', 'test@gmail.com']
2018-06-29 07:36:34,451, parse_user, [INFO]: Attempt to register a user with a name - test, password -  test and e-mail - test@gmail.com
2018-06-29 07:36:34,558, parse_user, [INFO]: User test successfully registered
2018-06-29 07:42:45,766, parser, [INFO]: List of arguments : ['project', 'add', 'test', 'test', 'TestProject', 'TestDescription']
2018-06-29 07:45:14,790, parser, [INFO]: List of arguments : ['project', 'add', 'test', 'test', 'TestProject', 'TestDescription']
2018-06-29 07:46:47,685, parser, [INFO]: List of arguments : ['project', 'add', 'Antoha', '12345', 'MyFavouriteProject', 'Desc']
2018-06-29 07:47:35,971, parser, [INFO]: List of arguments : ['project', 'add', 'Antoha', '12345', 'MyFavouriteProject', 'Desc']
2018-06-29 07:48:22,933, parser, [INFO]: List of arguments : ['user', 'register', 'test', 'test', 'test']
2018-06-29 07:48:22,934, parse_user, [INFO]: Attempt to register a user with a name - test, password -  test and e-mail - test
2018-06-29 07:48:28,077, parser, [INFO]: List of arguments : ['user', 'register', 'kekester', '1', '2']
2018-06-29 07:48:28,078, parse_user, [INFO]: Attempt to register a user with a name - kekester, password -  1 and e-mail - 2
2018-06-29 07:48:28,162, parse_user, [INFO]: User kekester successfully registered
2018-06-29 07:48:58,433, parser, [INFO]: List of arguments : ['user', 'register', 'kekester', '1', '2']
2018-06-29 07:48:58,436, parse_user, [INFO]: Attempt to register a user with a name - kekester, password -  1 and e-mail - 2
2018-06-29 07:49:01,125, parser, [INFO]: List of arguments : ['project', 'add', 'Antoha', '12345', 'MyFavouriteProject', 'Desc']
2018-06-29 07:49:58,878, parser, [INFO]: List of arguments : ['project', 'add', 'Antoha', '12345', 'MyFavouriteProject', 'Desc']
2018-06-29 07:50:41,317, parser, [INFO]: List of arguments : ['project', 'add', 'Antoha', '12345', 'MyFavouriteProject', 'Desc']
2018-06-29 07:51:16,300, parser, [INFO]: List of arguments : ['project', 'add', 'Antoha', '12345', 'MyFavouriteProject', 'Desc']
2018-06-29 07:51:16,305, parse_project, [INFO]: Trying to create a project with the name - MyFavouriteProject and description - Desc
2018-06-29 07:51:16,461, parse_project, [INFO]: Project MyFavouriteProject was successfully created
2018-06-29 07:53:49,184, parser, [INFO]: List of arguments : ['project', 'add', 'test', 'test', 'TestProject', 'TestDesc']
2018-06-29 07:53:49,186, parse_project, [INFO]: Trying to create a project with the name - TestProject and description - TestDesc
2018-06-29 07:53:49,355, parse_project, [INFO]: Project TestProject was successfully created
2018-06-29 08:09:57,039, parser, [INFO]: List of arguments : ['column', 'add', 'test', 'test', 'TestProject', 'TestColumn', 'TestDesc']
2018-06-29 08:09:57,041, parse_column, [INFO]: Trying to create a column with the name - TestColumn and description - TestDesc
2018-06-29 08:09:57,131, parse_column, [INFO]: Column TestColumn was successfully created
2018-06-29 09:32:20,403, parser, [INFO]: List of arguments : ['task', 'add']
2018-06-29 09:33:16,354, parser, [INFO]: List of arguments : ['task', 'add', 'Antoha', '12345', 'Project337', 'NewColumn', 'TestDate', 'desc1', '02.07.2018', '07.07.2018', 'tag', '5']
2018-06-29 09:33:16,361, parse_task, [INFO]: Trying to add task with the name - TestDate
2018-06-29 09:33:16,474, parse_task, [INFO]: Task is successfully added
2018-06-29 09:34:47,141, parser, [INFO]: List of arguments : ['task', 'add', 'Antoha', '12345', 'Project337', 'NewColumn', 'TestDate1', 'desc1', '02.07.2018', '07.07.2018', 'tag', '5']
2018-06-29 09:34:47,150, parse_task, [INFO]: Trying to add task with the name - TestDate1
2018-06-29 09:34:47,254, parse_task, [INFO]: Task is successfully added
2018-06-29 12:13:18,196, parser, [INFO]: List of arguments : ['regular_task', 'add']
2018-06-29 12:13:38,384, parser, [INFO]: List of arguments : ['regular_task', 'add']
2018-06-29 12:14:06,824, parser, [INFO]: List of arguments : ['regular_task', 'add', 'Antoha', '12345', 'Project337', 'NewColumn', 'newreg', 'test', '05.07.2018', '12.07.2018', '1', 'week', 'tag1', '5']
2018-06-29 12:14:06,831, parse_regular_task, [INFO]: Trying to create regular task
2018-06-29 12:15:03,435, parser, [INFO]: List of arguments : ['regular_task', 'add', 'Antoha', '12345', 'Project337', 'NewColumn', 'newreg', 'test', '05.07.2018', '12.07.2018', '1', 'week', 'tag1', '5']
2018-06-29 12:15:03,446, parse_regular_task, [INFO]: Trying to create regular task
2018-06-29 12:16:21,657, parser, [INFO]: List of arguments : ['regular_task', 'add']
2018-06-29 12:16:23,347, parser, [INFO]: List of arguments : ['regular_task', 'add', 'Antoha', '12345', 'Project337', 'NewColumn', 'newreg', 'test', '05.07.2018', '12.07.2018', '1', 'week', 'tag1', '5']
2018-06-29 12:16:23,355, parse_regular_task, [INFO]: Trying to create regular task
2018-06-29 12:16:23,457, parse_regular_task, [INFO]: Tasi is successfully created
2018-06-29 12:16:55,970, parser, [INFO]: List of arguments : ['regular_task', 'add', 'Antoha', '12345', 'Project337', 'NewColumn', 'newreg', 'test', '05.07.2018', '12.07.2018', '1', 'week', 'tag1', '5']
2018-06-29 12:16:55,977, parse_regular_task, [INFO]: Trying to create regular task
2018-06-29 12:17:52,693, parser, [INFO]: List of arguments : ['regular_task', 'add', 'Antoha', '12345', 'Project337', 'NewColumn', 'newreg', 'test', '05.07.2018', '12.07.2018', '1', 'week', 'tag1', '5']
2018-06-29 12:17:52,703, parse_regular_task, [INFO]: Trying to create regular task
2018-06-29 12:17:52,804, parse_regular_task, [INFO]: Tasi is successfully created
2018-06-29 12:18:43,061, parser, [INFO]: List of arguments : ['regular_task', 'add', 'Antoha', '12345', 'Project337', 'NewColumn', 'newreg', 'test', '05.07.2018', '12.07.2018', '1', 'week', 'tag1', '5']
2018-06-29 12:18:43,069, parse_regular_task, [INFO]: Trying to create regular task
2018-06-29 12:18:49,155, parser, [INFO]: List of arguments : ['regular_task', 'add', 'Antoha', '12345', 'Project337', 'NewColumn', 'newreg1', 'test', '05.07.2018', '12.07.2018', '1', 'week', 'tag1', '5']
2018-06-29 12:18:49,163, parse_regular_task, [INFO]: Trying to create regular task
2018-06-29 12:19:29,958, parser, [INFO]: List of arguments : ['regular_task', 'add', 'Antoha', '12345', 'Project337', 'NewColumn', 'newreg1', 'test', '05.07.2018', '12.07.2018', '1', 'week', 'tag1', '5']
2018-06-29 12:19:29,968, parse_regular_task, [INFO]: Trying to create regular task
2018-06-29 12:20:43,263, parser, [INFO]: List of arguments : ['regular_task', 'add', 'Antoha', '12345', 'Project337', 'NewColumn', 'newreg1', 'test', '05.07.2018', '12.07.2018', '1', 'week', 'tag1', '5']
2018-06-29 12:20:43,270, parse_regular_task, [INFO]: Trying to create regular task
2018-06-29 12:20:43,389, parse_regular_task, [INFO]: Tasi is successfully created
2018-06-29 12:59:09,854, parser, [INFO]: List of arguments : ['task', 'add']
2018-06-29 12:59:18,459, parser, [INFO]: List of arguments : ['project', 'add']
2018-06-29 12:59:40,331, parser, [INFO]: List of arguments : ['project', 'add', 'Antoha', '12345', 'July29', 'description']
2018-06-29 12:59:40,344, parse_project, [INFO]: Trying to create a project with the name - July29 and description - description
2018-06-29 12:59:40,508, parse_project, [INFO]: Project July29 was successfully created
2018-06-29 13:00:25,057, parser, [INFO]: List of arguments : ['column', 'add']
2018-06-29 13:00:37,220, parser, [INFO]: List of arguments : ['column', 'add', 'Antoha', '12345', 'July29', 'Column3', 'desc']
2018-06-29 13:00:37,231, parse_column, [INFO]: Trying to create a column with the name - Column3 and description - desc
2018-06-29 13:00:37,309, parse_column, [INFO]: Column Column3 was successfully created
2018-06-29 13:00:45,714, parser, [INFO]: List of arguments : ['task', 'add']
2018-06-29 13:01:26,839, parser, [INFO]: List of arguments : ['task', 'add', 'Antoha', '12345', 'July29', 'Column3', 'TaskForTest', 'long description', '02.07.2018', '08.07.208', 'first, second', '5']
2018-06-29 13:01:26,853, parse_task, [INFO]: Trying to add task with the name - TaskForTest
2018-06-29 13:01:33,589, parser, [INFO]: List of arguments : ['task', 'add', 'Antoha', '12345', 'July29', 'Column3', 'TaskForTest', 'long description', '02.07.2018', '08.07.2018', 'first, second', '5']
2018-06-29 13:01:33,603, parse_task, [INFO]: Trying to add task with the name - TaskForTest
2018-06-29 13:01:33,744, parse_task, [INFO]: Task is successfully added
2018-06-29 13:02:06,381, parser, [INFO]: List of arguments : ['project', 'show', 'all', 'Antoha', '12345']
2018-06-29 13:02:50,962, parser, [INFO]: List of arguments : ['task', 'show', 'all', 'Antoha', '12345']
2018-06-29 13:03:31,483, parser, [INFO]: List of arguments : ['task', 'show', 'all', 'Antoha', '12345']
2018-06-29 13:03:31,485, parse_task, [INFO]: Trying to show all tasks in this column of project
2018-06-29 13:03:35,164, parser, [INFO]: List of arguments : ['project', 'show', 'all', 'Antoha', '12345']
2018-06-29 13:03:35,165, parse_project, [INFO]: Trying to show all projects of this user
2018-06-29 13:03:35,177, parse_project, [INFO]: All project was shown
